<?xml version="1.0" encoding="UTF-8"?>
<testng-results ignored="0" total="1" passed="1" failed="0" skipped="0">
  <reporter-output>
  </reporter-output>
  <suite started-at="2021-05-25T17:17:38 IST" name="Default suite" finished-at="2021-05-25T17:18:28 IST" duration-ms="50342">
    <groups>
      <group name="cucumber">
        <method signature="AbstractTestNGCucumberTests.runScenario(io.cucumber.testng.PickleWrapper, io.cucumber.testng.FeatureWrapper)[pri:0, instance:makeMyTrip_option.TestRunner@52102734]" name="runScenario" class="io.cucumber.testng.AbstractTestNGCucumberTests"/>
      </group> <!-- cucumber -->
    </groups>
    <test started-at="2021-05-25T17:17:38 IST" name="Default test" finished-at="2021-05-25T17:18:28 IST" duration-ms="50342">
      <class name="makeMyTrip_option.TestRunner">
        <test-method is-config="true" signature="setUpClass()[pri:0, instance:makeMyTrip_option.TestRunner@52102734]" started-at="2021-05-25T17:17:38 IST" name="setUpClass" finished-at="2021-05-25T17:17:38 IST" duration-ms="351" status="PASS">
          <reporter-output>
          </reporter-output>
        </test-method> <!-- setUpClass -->
        <test-method signature="runScenario(io.cucumber.testng.PickleWrapper, io.cucumber.testng.FeatureWrapper)[pri:0, instance:makeMyTrip_option.TestRunner@52102734]" started-at="2021-05-25T17:17:38 IST" name="runScenario" description="Runs Cucumber Scenarios" data-provider="scenarios" finished-at="2021-05-25T17:18:28 IST" duration-ms="49903" status="PASS">
          <params>
            <param index="0">
              <value>
                <![CDATA[""]]>
              </value>
            </param>
            <param index="1">
              <value>
                <![CDATA["Buses Booking Functionality"]]>
              </value>
            </param>
          </params>
          <reporter-output>
          </reporter-output>
        </test-method> <!-- runScenario -->
        <test-method is-config="true" signature="tearDownClass()[pri:0, instance:makeMyTrip_option.TestRunner@52102734]" started-at="2021-05-25T17:18:28 IST" name="tearDownClass" finished-at="2021-05-25T17:18:28 IST" duration-ms="30" status="PASS">
          <reporter-output>
          </reporter-output>
        </test-method> <!-- tearDownClass -->
      </class> <!-- makeMyTrip_option.TestRunner -->
    </test> <!-- Default test -->
  </suite> <!-- Default suite -->
</testng-results>
